<?xml version="1.0" encoding="UTF-8"?>
<!-- Generated by org.testng.reporters.JUnitXMLReporter -->
<testsuite ignored="0" hostname="user-PC" failures="0" tests="4" name="Buttons Test" time="12.732" errors="0" timestamp="2024-02-12T19:01:58 IST">
  <testcase classname="testcases.Buttons_Interact" name="ButtonsLink" time="3.466"/>
  <testcase classname="testcases.Buttons_Interact" name="Buttons" time="4.901"/>
  <testcase classname="testcases.Buttons_Interact" name="AllignmentButtons" time="1.036"/>
  <testcase classname="testcases.Buttons_Interact" name="NumbersButtons" time="2.055"/>
</testsuite> <!-- Buttons Test -->
