<?xml version="1.0" encoding="UTF-8"?>
<!-- Generated by org.testng.reporters.JUnitXMLReporter -->
<testsuite ignored="0" hostname="user-PC" failures="0" tests="3" name="DatePicker Test" time="3.298" errors="0" timestamp="2024-02-12T19:02:03 IST">
  <testcase classname="testcases.Datepicker_Interact" name="DatepickerLink" time="0.407"/>
  <testcase classname="testcases.Datepicker_Interact" name="datapickerusingSendkeys" time="1.48"/>
  <testcase classname="testcases.Datepicker_Interact" name="datepickerusingcalander" time="1.365"/>
</testsuite> <!-- DatePicker Test -->
