<?xml version="1.0" encoding="UTF-8"?>
<!-- Generated by org.testng.reporters.JUnitXMLReporter -->
<testsuite ignored="0" hostname="user-PC" failures="0" tests="2" name="EnableAndDisableElements Test" time="3.828" errors="0" timestamp="2024-02-12T19:02:09 IST">
  <testcase classname="testcases.EnableAndDisableElements_Interact" name="EnableAndDisableLink" time="1.07"/>
  <testcase classname="testcases.EnableAndDisableElements_Interact" name="EnableAndDisable" time="2.738"/>
</testsuite> <!-- EnableAndDisableElements Test -->
